02:50:27: Creating resource group General
02:50:27: Creating resource group Internal
02:50:27: Creating resource group Autodetect
02:50:27: SceneManagerFactory for type 'DefaultSceneManager' registered.
02:50:27: Registering ResourceManager for type Material
02:50:27: Registering ResourceManager for type Mesh
02:50:27: Registering ResourceManager for type Skeleton
02:50:27: MovableObjectFactory for type 'ParticleSystem' registered.
02:50:27: OverlayElementFactory for type Panel registered.
02:50:27: OverlayElementFactory for type BorderPanel registered.
02:50:27: OverlayElementFactory for type TextArea registered.
02:50:27: Registering ResourceManager for type Font
02:50:27: ArchiveFactory for archive type FileSystem registered.
02:50:27: ArchiveFactory for archive type Zip registered.
02:50:27: DDS codec registering
02:50:27: FreeImage version: 3.13.1
02:50:27: This program uses FreeImage, a free, open source image library supporting all common bitmap formats. See http://freeimage.sourceforge.net for details
02:50:27: Supported formats: bmp,ico,jpg,jif,jpeg,jpe,jng,koa,iff,lbm,mng,pbm,pbm,pcd,pcx,pgm,pgm,png,ppm,ppm,ras,tga,targa,tif,tiff,wap,wbmp,wbm,psd,cut,xbm,xpm,gif,hdr,g3,sgi,exr,j2k,j2c,jp2,pfm,pct,pict,pic,bay,bmq,cr2,crw,cs1,dc2,dcr,dng,erf,fff,hdr,k25,kdc,mdc,mos,mrw,nef,orf,pef,pxn,raf,raw,rdc,sr2,srf,arw,3fr,cine,ia,kc2,mef,nrw,qtk,rw2,sti,drf,dsc,ptx,cap,iiq,rwz
02:50:27: Registering ResourceManager for type HighLevelGpuProgram
02:50:27: Registering ResourceManager for type Compositor
02:50:27: MovableObjectFactory for type 'Entity' registered.
02:50:27: MovableObjectFactory for type 'Light' registered.
02:50:27: MovableObjectFactory for type 'BillboardSet' registered.
02:50:27: MovableObjectFactory for type 'ManualObject' registered.
02:50:27: MovableObjectFactory for type 'BillboardChain' registered.
02:50:27: MovableObjectFactory for type 'RibbonTrail' registered.
02:50:27: Loading library .\RenderSystem_Direct3D9_d
02:50:27: Installing plugin: D3D9 RenderSystem
02:50:27: D3D9 : Direct3D9 Rendering Subsystem created.
02:50:27: D3D9: Driver Detection Starts
02:50:27: D3D9: Driver Detection Ends
02:50:27: Plugin successfully installed
02:50:27: Loading library .\RenderSystem_GL_d
02:50:27: Installing plugin: GL RenderSystem
02:50:27: OpenGL Rendering Subsystem created.
02:50:28: Plugin successfully installed
02:50:28: Loading library .\Plugin_ParticleFX_d
02:50:28: Installing plugin: ParticleFX
02:50:28: Particle Emitter Type 'Point' registered
02:50:28: Particle Emitter Type 'Box' registered
02:50:28: Particle Emitter Type 'Ellipsoid' registered
02:50:28: Particle Emitter Type 'Cylinder' registered
02:50:28: Particle Emitter Type 'Ring' registered
02:50:28: Particle Emitter Type 'HollowEllipsoid' registered
02:50:28: Particle Affector Type 'LinearForce' registered
02:50:28: Particle Affector Type 'ColourFader' registered
02:50:28: Particle Affector Type 'ColourFader2' registered
02:50:28: Particle Affector Type 'ColourImage' registered
02:50:28: Particle Affector Type 'ColourInterpolator' registered
02:50:28: Particle Affector Type 'Scaler' registered
02:50:28: Particle Affector Type 'Rotator' registered
02:50:28: Particle Affector Type 'DirectionRandomiser' registered
02:50:28: Particle Affector Type 'DeflectorPlane' registered
02:50:28: Plugin successfully installed
02:50:28: Loading library .\Plugin_BSPSceneManager_d
02:50:28: Installing plugin: BSP Scene Manager
02:50:28: Plugin successfully installed
02:50:28: Loading library .\Plugin_CgProgramManager_d
02:50:28: Installing plugin: Cg Program Manager
02:50:28: Plugin successfully installed
02:50:28: Loading library .\Plugin_PCZSceneManager_d
02:50:28: Installing plugin: Portal Connected Zone Scene Manager
02:50:28: PCZone Factory Type 'ZoneType_Default' registered
02:50:28: Plugin successfully installed
02:50:28: Loading library .\Plugin_OctreeZone_d
02:50:28: Installing plugin: Octree Zone Factory
02:50:28: Plugin successfully installed
02:50:28: Loading library .\Plugin_OctreeSceneManager_d
02:50:28: Installing plugin: Octree & Terrain Scene Manager
02:50:28: Plugin successfully installed
02:50:28: *-*-* OGRE Initialising
02:50:28: *-*-* Version 1.7.3 (Cthugha)
02:50:28: D3D9 : RenderSystem Option: Allow NVPerfHUD = No
02:50:28: D3D9 : RenderSystem Option: FSAA = 2
02:50:28: D3D9 : RenderSystem Option: Floating-point mode = Fastest
02:50:28: D3D9 : RenderSystem Option: Full Screen = No
02:50:28: D3D9 : RenderSystem Option: Rendering Device = Monitor-1-NVIDIA GeForce 9800 GT
02:50:28: D3D9 : RenderSystem Option: Resource Creation Policy = Create on all devices
02:50:28: D3D9 : RenderSystem Option: VSync = Yes
02:50:28: D3D9 : RenderSystem Option: VSync Interval = 1
02:50:28: D3D9 : RenderSystem Option: Video Mode = 1024 x 768 @ 32-bit colour
02:50:28: D3D9 : RenderSystem Option: sRGB Gamma Conversion = No
02:50:28: CPU Identifier & Features
02:50:28: -------------------------
02:50:28:  *   CPU ID: GenuineIntel: Intel(R) Core(TM)2 Duo CPU     E6750  @ 2.66GHz
02:50:28:  *      SSE: yes
02:50:28:  *     SSE2: yes
02:50:28:  *     SSE3: yes
02:50:28:  *      MMX: yes
02:50:28:  *   MMXEXT: yes
02:50:28:  *    3DNOW: no
02:50:28:  * 3DNOWEXT: no
02:50:28:  *     CMOV: yes
02:50:28:  *      TSC: yes
02:50:28:  *      FPU: yes
02:50:28:  *      PRO: yes
02:50:28:  *       HT: no
02:50:28: -------------------------
02:50:28: D3D9 : Subsystem Initialising
02:50:28: Registering ResourceManager for type Texture
02:50:28: Registering ResourceManager for type GpuProgram
02:50:28: D3D9RenderSystem::_createRenderWindow "OGRE Render Window", 1024x768 windowed  miscParams: FSAA=2 FSAAHint= colourDepth=32 gamma=false monitorIndex=0 useNVPerfHUD=false vsync=true vsyncInterval=1 
02:50:28: D3D9 : Created D3D9 Rendering Window 'OGRE Render Window' : 1024x768, 32bpp
02:50:28: D3D9: Vertex texture format supported - PF_FLOAT16_RGB
02:50:28: D3D9: Vertex texture format supported - PF_FLOAT16_RGBA
02:50:28: D3D9: Vertex texture format supported - PF_FLOAT32_RGB
02:50:28: D3D9: Vertex texture format supported - PF_FLOAT32_RGBA
02:50:28: D3D9: Vertex texture format supported - PF_FLOAT16_R
02:50:28: D3D9: Vertex texture format supported - PF_FLOAT32_R
02:50:28: D3D9: Vertex texture format supported - PF_FLOAT16_GR
02:50:28: D3D9: Vertex texture format supported - PF_FLOAT32_GR
02:50:28: RenderSystem capabilities
02:50:28: -------------------------
02:50:28: RenderSystem Name: Direct3D9 Rendering Subsystem
02:50:28: GPU Vendor: nvidia
02:50:28: Device Name: Monitor-1-NVIDIA GeForce 9800 GT
02:50:28: Driver Version: 6.14.12.7061
02:50:28:  * Fixed function pipeline: yes
02:50:28:  * Hardware generation of mipmaps: yes
02:50:28:  * Texture blending: yes
02:50:28:  * Anisotropic texture filtering: yes
02:50:28:  * Dot product texture operation: yes
02:50:28:  * Cube mapping: yes
02:50:28:  * Hardware stencil buffer: yes
02:50:28:    - Stencil depth: 8
02:50:28:    - Two sided stencil support: yes
02:50:28:    - Wrap stencil values: yes
02:50:28:  * Hardware vertex / index buffers: yes
02:50:28:  * Vertex programs: yes
02:50:28:  * Number of floating-point constants for vertex programs: 256
02:50:28:  * Number of integer constants for vertex programs: 16
02:50:28:  * Number of boolean constants for vertex programs: 16
02:50:28:  * Fragment programs: yes
02:50:28:  * Number of floating-point constants for fragment programs: 224
02:50:28:  * Number of integer constants for fragment programs: 16
02:50:28:  * Number of boolean constants for fragment programs: 16
02:50:28:  * Geometry programs: no
02:50:28:  * Number of floating-point constants for geometry programs: 0
02:50:28:  * Number of integer constants for geometry programs: 8
02:50:28:  * Number of boolean constants for geometry programs: 0
02:50:28:  * Supported Shader Profiles: hlsl ps_1_1 ps_1_2 ps_1_3 ps_1_4 ps_2_0 ps_2_a ps_2_b ps_2_x ps_3_0 vs_1_1 vs_2_0 vs_2_a vs_2_x vs_3_0
02:50:28:  * Texture Compression: yes
02:50:28:    - DXT: yes
02:50:28:    - VTC: no
02:50:28:    - PVRTC: no
02:50:28:  * Scissor Rectangle: yes
02:50:28:  * Hardware Occlusion Query: yes
02:50:28:  * User clip planes: yes
02:50:28:  * VET_UBYTE4 vertex element type: yes
02:50:28:  * Infinite far plane projection: yes
02:50:28:  * Hardware render-to-texture: yes
02:50:28:  * Floating point textures: yes
02:50:28:  * Non-power-of-two textures: yes
02:50:28:  * Volume textures: yes
02:50:28:  * Multiple Render Targets: 4
02:50:28:    - With different bit depths: yes
02:50:28:  * Point Sprites: yes
02:50:28:  * Extended point parameters: yes
02:50:28:  * Max Point Size: 10
02:50:28:  * Vertex texture fetch: yes
02:50:28:  * Number of world matrices: 0
02:50:28:  * Number of texture units: 8
02:50:28:  * Stencil buffer depth: 8
02:50:28:  * Number of vertex blend matrices: 0
02:50:28:    - Max vertex textures: 4
02:50:28:    - Vertex textures shared: no
02:50:28:  * Render to Vertex Buffer : no
02:50:28:  * DirectX per stage constants: yes
02:50:28: ***************************************
02:50:28: *** D3D9 : Subsystem Initialised OK ***
02:50:28: ***************************************
02:50:28: DefaultWorkQueue('Root') initialising on thread 001646F8.
02:50:28: Particle Renderer Type 'billboard' registered
02:50:28: SceneManagerFactory for type 'BspSceneManager' registered.
02:50:28: DefaultWorkQueue('Root')::WorkerFunc - thread 001C74F0 starting.
02:50:28: DefaultWorkQueue('Root')::WorkerFunc - thread 001C74B0 starting.
02:50:28: Registering ResourceManager for type BspLevel
02:50:28: SceneManagerFactory for type 'PCZSceneManager' registered.
02:50:28: MovableObjectFactory for type 'PCZLight' registered.
02:50:28: MovableObjectFactory for type 'Portal' registered.
02:50:28: MovableObjectFactory for type 'AntiPortal' registered.
02:50:28: PCZone Factory Type 'ZoneType_Octree' registered
02:50:28: PCZone Factory Type 'ZoneType_Terrain' registered
02:50:28: SceneManagerFactory for type 'OctreeSceneManager' registered.
02:50:28: SceneManagerFactory for type 'TerrainSceneManager' registered.
02:50:28: OGRE EXCEPTION(2:InvalidParametersException): World geometry is not supported by the generic SceneManager. in SceneManager::setWorldGeometry at ..\..\..\..\OgreMain\src\OgreSceneManager.cpp (line 1554)
